TN:
SF:src/noteApp/eventEmitterClient.ts
FN:4,(anonymous_0)
FN:8,(anonymous_1)
FNF:2
FNH:2
FNDA:1,(anonymous_0)
FNDA:3,(anonymous_1)
DA:1,1
DA:3,1
DA:5,1
DA:7,1
DA:8,1
DA:9,3
DA:11,3
DA:12,3
DA:13,1
DA:14,1
DA:15,1
DA:16,1
LF:12
LH:12
BRF:0
BRH:0
end_of_record
TN:
SF:src/noteApp/note.ts
FN:19,(anonymous_0)
FN:38,(anonymous_1)
FN:45,(anonymous_2)
FN:53,(anonymous_3)
FN:61,(anonymous_4)
FN:69,(anonymous_5)
FN:77,(anonymous_6)
FN:85,(anonymous_7)
FNF:8
FNH:8
FNDA:12,(anonymous_0)
FNDA:1,(anonymous_1)
FNDA:1,(anonymous_2)
FNDA:1,(anonymous_3)
FNDA:2,(anonymous_4)
FNDA:3,(anonymous_5)
FNDA:2,(anonymous_6)
FNDA:3,(anonymous_7)
DA:3,1
DA:9,1
DA:18,12
DA:19,12
DA:21,12
DA:22,12
DA:23,1
DA:24,1
DA:27,11
DA:30,1
DA:39,1
DA:46,1
DA:54,1
DA:62,2
DA:70,3
DA:78,2
DA:86,3
LF:17
LH:17
BRDA:22,0,0,1
BRDA:22,0,1,11
BRF:2
BRH:2
end_of_record
TN:
SF:src/noteApp/userNoteOptions.ts
FN:11,(anonymous_0)
FN:19,(anonymous_1)
FN:50,(anonymous_2)
FN:74,(anonymous_3)
FN:98,(anonymous_4)
FN:100,(anonymous_5)
FN:114,(anonymous_6)
FNF:7
FNH:7
FNDA:1,(anonymous_0)
FNDA:3,(anonymous_1)
FNDA:3,(anonymous_2)
FNDA:2,(anonymous_3)
FNDA:1,(anonymous_4)
FNDA:2,(anonymous_5)
FNDA:2,(anonymous_6)
DA:1,1
DA:2,1
DA:3,1
DA:10,1
DA:21,3
DA:22,3
DA:24,3
DA:25,0
DA:26,0
DA:28,3
DA:29,3
DA:30,2
DA:31,2
DA:33,1
DA:39,1
DA:40,1
DA:42,3
DA:51,3
DA:52,3
DA:53,3
DA:54,2
DA:55,2
DA:57,1
DA:61,1
DA:62,1
DA:64,3
DA:76,2
DA:77,2
DA:78,2
DA:79,1
DA:80,1
DA:81,1
DA:83,1
DA:87,1
DA:88,1
DA:90,2
DA:99,1
DA:100,1
DA:101,2
DA:102,2
DA:103,2
DA:104,2
DA:106,1
DA:115,2
DA:116,2
DA:117,2
DA:118,1
DA:119,1
DA:120,1
DA:121,1
DA:123,1
DA:127,1
DA:128,1
DA:130,1
LF:54
LH:52
BRDA:24,0,0,0
BRDA:24,0,1,3
BRDA:29,1,0,2
BRDA:29,1,1,1
BRDA:53,2,0,2
BRDA:53,2,1,1
BRDA:78,3,0,1
BRDA:78,3,1,1
BRDA:117,4,0,1
BRDA:117,4,1,1
BRF:10
BRH:9
end_of_record
